<?xml version="1.0" encoding="UTF-8"?>
<TestRun id="835e73a6-49d0-46b2-a178-b55443f81c73" name="user@KENDRICKCORPPC 2013-05-05 23:25:08" runUser="KENDRICKCORPPC\user" xmlns="http://microsoft.com/schemas/VisualStudio/TeamTest/2010">
  <TestSettings name="Local" id="ce19fa3c-8cfd-474c-b1b1-3d88fc37005a">
    <Description>These are default test settings for a local test run.</Description>
    <Deployment enabled="false" runDeploymentRoot="user_KENDRICKCORPPC 2013-05-05 23_25_08">
      <DeploymentItem filename="c:\users\user\documents\visual studio 2010\Projects\Facebook\Facebook.NET\bin\Debug\Facebook.NET.dll" />
    </Deployment>
    <Execution>
      <TestTypeSpecific />
      <AgentRule name="Execution Agents">
      </AgentRule>
    </Execution>
  </TestSettings>
  <Times creation="2013-05-05T23:25:08.5043983-05:00" queuing="2013-05-05T23:25:11.2277470-05:00" start="2013-05-05T23:25:11.3727647-05:00" finish="2013-05-05T23:26:24.6910987-05:00" />
  <ResultSummary outcome="Error">
    <Counters total="1" executed="1" error="0" failed="0" timeout="0" aborted="1" inconclusive="0" passedButRunAborted="0" notRunnable="0" notExecuted="0" disconnected="0" warning="0" passed="0" completed="0" inProgress="0" pending="0" />
    <RunInfos>
      <RunInfo computerName="KENDRICKCORPPC" outcome="Error" timestamp="2013-05-05T23:26:24.6901417-05:00">
        <Text>Test host process exited unexpectedly.</Text>
      </RunInfo>
    </RunInfos>
  </ResultSummary>
  <TestDefinitions>
    <UnitTest name="EventsPostTest" storage="c:\users\user\documents\visual studio 2010\projects\facebook\testproject\bin\debug\testproject.dll" id="923afdf6-45c1-787a-2c85-c8452ff27d98">
      <Execution id="09dabdce-6d08-4ccc-9331-fff29df37ce1" />
      <TestMethod codeBase="c:/users/user/documents/visual studio 2010/Projects/Facebook/TestProject/bin/Debug/TestProject.DLL" adapterTypeName="Microsoft.VisualStudio.TestTools.TestTypes.Unit.UnitTestAdapter, Microsoft.VisualStudio.QualityTools.Tips.UnitTest.Adapter, Version=10.0.0.0, Culture=neutral, PublicKeyToken=b03f5f7f11d50a3a" className="TestProject.FacebookGraphAPITests, TestProject, Version=1.0.0.0, Culture=neutral, PublicKeyToken=null" name="EventsPostTest" />
    </UnitTest>
  </TestDefinitions>
  <TestLists>
    <TestList name="Results Not in a List" id="8c84fa94-04c1-424b-9868-57a2d4851a1d" />
    <TestList name="All Loaded Results" id="19431567-8539-422a-85d7-44ee4e166bda" />
  </TestLists>
  <TestEntries>
    <TestEntry testId="923afdf6-45c1-787a-2c85-c8452ff27d98" executionId="09dabdce-6d08-4ccc-9331-fff29df37ce1" testListId="8c84fa94-04c1-424b-9868-57a2d4851a1d" />
  </TestEntries>
  <Results>
    <UnitTestResult executionId="09dabdce-6d08-4ccc-9331-fff29df37ce1" testId="923afdf6-45c1-787a-2c85-c8452ff27d98" testName="EventsPostTest" computerName="KENDRICKCORPPC" duration="00:01:13.1843168" startTime="2013-05-05T23:25:11.5067819-05:00" endTime="2013-05-05T23:26:24.6910987-05:00" testType="13cdc9d9-ddb5-4fa4-a97d-d965ccfc6d4b" outcome="Aborted" testListId="8c84fa94-04c1-424b-9868-57a2d4851a1d" relativeResultsDirectory="09dabdce-6d08-4ccc-9331-fff29df37ce1">
    </UnitTestResult>
  </Results>
</TestRun>