<?xml version="1.0" encoding="UTF-8"?>
<TestRun id="a79ced64-c759-438d-9eee-fb4950a2e861" name="user@KENDRICKCORPPC 2013-04-27 23:25:15" runUser="KENDRICKCORPPC\user" xmlns="http://microsoft.com/schemas/VisualStudio/TeamTest/2010">
  <TestSettings name="Local" id="ce19fa3c-8cfd-474c-b1b1-3d88fc37005a">
    <Description>These are default test settings for a local test run.</Description>
    <Deployment enabled="false" runDeploymentRoot="user_KENDRICKCORPPC 2013-04-27 23_25_15">
      <DeploymentItem filename="c:\users\user\documents\visual studio 2010\Projects\Facebook\Facebook.NET\bin\Debug\Facebook.NET.dll" />
    </Deployment>
    <Execution>
      <TestTypeSpecific />
      <AgentRule name="Execution Agents">
      </AgentRule>
    </Execution>
  </TestSettings>
  <Times creation="2013-04-27T23:25:15.2090781-05:00" queuing="2013-04-27T23:25:18.0744278-05:00" start="2013-04-27T23:25:18.2384900-05:00" finish="2013-04-27T23:26:29.4535179-05:00" />
  <ResultSummary outcome="Error">
    <Counters total="1" executed="1" error="0" failed="0" timeout="0" aborted="1" inconclusive="0" passedButRunAborted="0" notRunnable="0" notExecuted="0" disconnected="0" warning="0" passed="0" completed="0" inProgress="0" pending="0" />
    <RunInfos>
      <RunInfo computerName="KENDRICKCORPPC" outcome="Error" timestamp="2013-04-27T23:26:29.4535179-05:00">
        <Text>Test host process exited unexpectedly.</Text>
      </RunInfo>
    </RunInfos>
  </ResultSummary>
  <TestDefinitions>
    <UnitTest name="MeAccountsGetTest" storage="c:\users\user\documents\visual studio 2010\projects\facebook\testproject\bin\debug\testproject.dll" id="fda1e8bc-ec61-f31c-108e-e1e8d581597d">
      <Execution id="24fc9b68-5bc1-4070-b702-074163735154" />
      <TestMethod codeBase="c:/users/user/documents/visual studio 2010/Projects/Facebook/TestProject/bin/Debug/TestProject.DLL" adapterTypeName="Microsoft.VisualStudio.TestTools.TestTypes.Unit.UnitTestAdapter, Microsoft.VisualStudio.QualityTools.Tips.UnitTest.Adapter, Version=10.0.0.0, Culture=neutral, PublicKeyToken=b03f5f7f11d50a3a" className="TestProject.FacebookGraphAPITests, TestProject, Version=1.0.0.0, Culture=neutral, PublicKeyToken=null" name="MeAccountsGetTest" />
    </UnitTest>
  </TestDefinitions>
  <TestLists>
    <TestList name="Results Not in a List" id="8c84fa94-04c1-424b-9868-57a2d4851a1d" />
    <TestList name="All Loaded Results" id="19431567-8539-422a-85d7-44ee4e166bda" />
  </TestLists>
  <TestEntries>
    <TestEntry testId="fda1e8bc-ec61-f31c-108e-e1e8d581597d" executionId="24fc9b68-5bc1-4070-b702-074163735154" testListId="8c84fa94-04c1-424b-9868-57a2d4851a1d" />
  </TestEntries>
  <Results>
    <UnitTestResult executionId="24fc9b68-5bc1-4070-b702-074163735154" testId="fda1e8bc-ec61-f31c-108e-e1e8d581597d" testName="MeAccountsGetTest" computerName="KENDRICKCORPPC" duration="00:01:11.0609911" startTime="2013-04-27T23:25:18.3925268-05:00" endTime="2013-04-27T23:26:29.4535179-05:00" testType="13cdc9d9-ddb5-4fa4-a97d-d965ccfc6d4b" outcome="Aborted" testListId="8c84fa94-04c1-424b-9868-57a2d4851a1d" relativeResultsDirectory="24fc9b68-5bc1-4070-b702-074163735154">
    </UnitTestResult>
  </Results>
</TestRun>