<?xml version="1.0" encoding="UTF-8"?>
<TestRun id="1612ec8b-0aad-46f5-93f0-2741910106b3" name="user@KENDRICKCORPPC 2013-05-20 17:15:54" runUser="KENDRICKCORPPC\user" xmlns="http://microsoft.com/schemas/VisualStudio/TeamTest/2010">
  <TestSettings name="Local" id="ce19fa3c-8cfd-474c-b1b1-3d88fc37005a">
    <Description>These are default test settings for a local test run.</Description>
    <Deployment enabled="false" runDeploymentRoot="user_KENDRICKCORPPC 2013-05-20 17_15_54">
      <DeploymentItem filename="C:\Users\user\Documents\Code\GitHub\Facebook\Facebook.NET\bin\Debug\Facebook.NET.dll" />
    </Deployment>
    <Execution>
      <TestTypeSpecific />
      <AgentRule name="Execution Agents">
      </AgentRule>
    </Execution>
  </TestSettings>
  <Times creation="2013-05-20T17:15:54.7715698-05:00" queuing="2013-05-20T17:15:56.3037476-05:00" start="2013-05-20T17:15:56.3357919-05:00" finish="2013-05-20T17:15:56.8538197-05:00" />
  <ResultSummary outcome="Failed">
    <Counters total="1" executed="1" error="0" failed="1" timeout="0" aborted="0" inconclusive="0" passedButRunAborted="0" notRunnable="0" notExecuted="0" disconnected="0" warning="0" passed="0" completed="0" inProgress="0" pending="0" />
  </ResultSummary>
  <TestDefinitions>
    <UnitTest name="MeAccountsGetTest" storage="c:\users\user\documents\code\github\facebook\testproject\bin\debug\testproject.dll" id="fda1e8bc-ec61-f31c-108e-e1e8d581597d">
      <Execution id="e0dbca82-fb96-4d41-a8e9-13828b384b85" />
      <TestMethod codeBase="C:/Users/user/Documents/Code/GitHub/Facebook/TestProject/bin/Debug/TestProject.DLL" adapterTypeName="Microsoft.VisualStudio.TestTools.TestTypes.Unit.UnitTestAdapter, Microsoft.VisualStudio.QualityTools.Tips.UnitTest.Adapter, Version=10.0.0.0, Culture=neutral, PublicKeyToken=b03f5f7f11d50a3a" className="TestProject.FacebookGraphAPITests, TestProject, Version=1.0.0.0, Culture=neutral, PublicKeyToken=null" name="MeAccountsGetTest" />
    </UnitTest>
  </TestDefinitions>
  <TestLists>
    <TestList name="Results Not in a List" id="8c84fa94-04c1-424b-9868-57a2d4851a1d" />
    <TestList name="All Loaded Results" id="19431567-8539-422a-85d7-44ee4e166bda" />
  </TestLists>
  <TestEntries>
    <TestEntry testId="fda1e8bc-ec61-f31c-108e-e1e8d581597d" executionId="e0dbca82-fb96-4d41-a8e9-13828b384b85" testListId="8c84fa94-04c1-424b-9868-57a2d4851a1d" />
  </TestEntries>
  <Results>
    <UnitTestResult executionId="e0dbca82-fb96-4d41-a8e9-13828b384b85" testId="fda1e8bc-ec61-f31c-108e-e1e8d581597d" testName="MeAccountsGetTest" computerName="KENDRICKCORPPC" duration="00:00:00.2324503" startTime="2013-05-20T17:15:56.3428022-05:00" endTime="2013-05-20T17:15:56.8008130-05:00" testType="13cdc9d9-ddb5-4fa4-a97d-d965ccfc6d4b" outcome="Failed" testListId="8c84fa94-04c1-424b-9868-57a2d4851a1d" relativeResultsDirectory="e0dbca82-fb96-4d41-a8e9-13828b384b85">
      <Output>
        <ErrorInfo>
          <Message>Assert.IsNotNull failed. </Message>
          <StackTrace>   at TestProject.FacebookGraphAPITests.MeAccountsGetTest() in C:\Users\user\Documents\Code\GitHub\Facebook\TestProject\FacebookGraphAPITests.cs:line 76
</StackTrace>
        </ErrorInfo>
      </Output>
    </UnitTestResult>
  </Results>
</TestRun>