<?xml version="1.0" encoding="UTF-8"?>
<TestRun id="04412d1f-887e-4b8e-bced-e6e67c7552cc" name="user@KENDRICKCORPPC 2013-05-05 23:48:15" runUser="KENDRICKCORPPC\user" xmlns="http://microsoft.com/schemas/VisualStudio/TeamTest/2010">
  <TestSettings name="Local" id="ce19fa3c-8cfd-474c-b1b1-3d88fc37005a">
    <Description>These are default test settings for a local test run.</Description>
    <Deployment enabled="false" runDeploymentRoot="user_KENDRICKCORPPC 2013-05-05 23_48_15">
      <DeploymentItem filename="c:\users\user\documents\visual studio 2010\Projects\Facebook\Facebook.NET\bin\Debug\Facebook.NET.dll" />
    </Deployment>
    <Execution>
      <TestTypeSpecific />
      <AgentRule name="Execution Agents">
      </AgentRule>
    </Execution>
  </TestSettings>
  <Times creation="2013-05-05T23:48:15.3420305-05:00" queuing="2013-05-05T23:48:18.5613864-05:00" start="2013-05-05T23:48:18.6954182-05:00" finish="2013-05-05T23:50:32.1473944-05:00" />
  <ResultSummary outcome="Failed">
    <Counters total="1" executed="1" error="0" failed="1" timeout="0" aborted="0" inconclusive="0" passedButRunAborted="0" notRunnable="0" notExecuted="0" disconnected="0" warning="0" passed="0" completed="0" inProgress="0" pending="0" />
  </ResultSummary>
  <TestDefinitions>
    <UnitTest name="EventsPostTest" storage="c:\users\user\documents\visual studio 2010\projects\facebook\testproject\bin\debug\testproject.dll" id="923afdf6-45c1-787a-2c85-c8452ff27d98">
      <Execution id="54da4682-00ea-424c-8fd2-5c549ecd87fb" />
      <TestMethod codeBase="c:/users/user/documents/visual studio 2010/Projects/Facebook/TestProject/bin/Debug/TestProject.DLL" adapterTypeName="Microsoft.VisualStudio.TestTools.TestTypes.Unit.UnitTestAdapter, Microsoft.VisualStudio.QualityTools.Tips.UnitTest.Adapter, Version=10.0.0.0, Culture=neutral, PublicKeyToken=b03f5f7f11d50a3a" className="TestProject.FacebookGraphAPITests, TestProject, Version=1.0.0.0, Culture=neutral, PublicKeyToken=null" name="EventsPostTest" />
    </UnitTest>
  </TestDefinitions>
  <TestLists>
    <TestList name="Results Not in a List" id="8c84fa94-04c1-424b-9868-57a2d4851a1d" />
    <TestList name="All Loaded Results" id="19431567-8539-422a-85d7-44ee4e166bda" />
  </TestLists>
  <TestEntries>
    <TestEntry testId="923afdf6-45c1-787a-2c85-c8452ff27d98" executionId="54da4682-00ea-424c-8fd2-5c549ecd87fb" testListId="8c84fa94-04c1-424b-9868-57a2d4851a1d" />
  </TestEntries>
  <Results>
    <UnitTestResult executionId="54da4682-00ea-424c-8fd2-5c549ecd87fb" testId="923afdf6-45c1-787a-2c85-c8452ff27d98" testName="EventsPostTest" computerName="KENDRICKCORPPC" duration="00:02:11.8268165" startTime="2013-05-05T23:48:18.8224329-05:00" endTime="2013-05-05T23:50:31.3482927-05:00" testType="13cdc9d9-ddb5-4fa4-a97d-d965ccfc6d4b" outcome="Failed" testListId="8c84fa94-04c1-424b-9868-57a2d4851a1d" relativeResultsDirectory="54da4682-00ea-424c-8fd2-5c549ecd87fb">
      <Output>
        <ErrorInfo>
          <Message>Assert.IsFalse failed. </Message>
          <StackTrace>   at TestProject.FacebookGraphAPITests.EventsPostTest() in c:\users\user\documents\visual studio 2010\Projects\Facebook\TestProject\FacebookGraphAPITests.cs:line 90
</StackTrace>
        </ErrorInfo>
      </Output>
    </UnitTestResult>
  </Results>
</TestRun>