<?xml version="1.0" encoding="UTF-8"?>
<TestRun id="900af00d-379e-42a7-82f0-15c89affd9c1" name="user@KENDRICKCORPPC 2013-05-05 23:50:48" runUser="KENDRICKCORPPC\user" xmlns="http://microsoft.com/schemas/VisualStudio/TeamTest/2010">
  <TestSettings name="Local" id="ce19fa3c-8cfd-474c-b1b1-3d88fc37005a">
    <Description>These are default test settings for a local test run.</Description>
    <Deployment enabled="false" runDeploymentRoot="user_KENDRICKCORPPC 2013-05-05 23_50_48">
      <DeploymentItem filename="c:\users\user\documents\visual studio 2010\Projects\Facebook\Facebook.NET\bin\Debug\Facebook.NET.dll" />
    </Deployment>
    <Execution>
      <TestTypeSpecific />
      <AgentRule name="Execution Agents">
      </AgentRule>
    </Execution>
  </TestSettings>
  <Times creation="2013-05-05T23:50:48.9825943-05:00" queuing="2013-05-05T23:50:51.8679063-05:00" start="2013-05-05T23:50:52.0099249-05:00" finish="2013-05-05T23:51:59.5315207-05:00" />
  <ResultSummary outcome="Error">
    <Counters total="1" executed="1" error="0" failed="0" timeout="0" aborted="1" inconclusive="0" passedButRunAborted="0" notRunnable="0" notExecuted="0" disconnected="0" warning="0" passed="0" completed="0" inProgress="0" pending="0" />
    <RunInfos>
      <RunInfo computerName="KENDRICKCORPPC" outcome="Error" timestamp="2013-05-05T23:51:59.5305406-05:00">
        <Text>Test host process exited unexpectedly.</Text>
      </RunInfo>
    </RunInfos>
  </ResultSummary>
  <TestDefinitions>
    <UnitTest name="EventsPostTest" storage="c:\users\user\documents\visual studio 2010\projects\facebook\testproject\bin\debug\testproject.dll" id="923afdf6-45c1-787a-2c85-c8452ff27d98">
      <Execution id="9d9c5543-0fa9-47e7-84e7-b1397e2ce374" />
      <TestMethod codeBase="c:/users/user/documents/visual studio 2010/Projects/Facebook/TestProject/bin/Debug/TestProject.DLL" adapterTypeName="Microsoft.VisualStudio.TestTools.TestTypes.Unit.UnitTestAdapter, Microsoft.VisualStudio.QualityTools.Tips.UnitTest.Adapter, Version=10.0.0.0, Culture=neutral, PublicKeyToken=b03f5f7f11d50a3a" className="TestProject.FacebookGraphAPITests, TestProject, Version=1.0.0.0, Culture=neutral, PublicKeyToken=null" name="EventsPostTest" />
    </UnitTest>
  </TestDefinitions>
  <TestLists>
    <TestList name="Results Not in a List" id="8c84fa94-04c1-424b-9868-57a2d4851a1d" />
    <TestList name="All Loaded Results" id="19431567-8539-422a-85d7-44ee4e166bda" />
  </TestLists>
  <TestEntries>
    <TestEntry testId="923afdf6-45c1-787a-2c85-c8452ff27d98" executionId="9d9c5543-0fa9-47e7-84e7-b1397e2ce374" testListId="8c84fa94-04c1-424b-9868-57a2d4851a1d" />
  </TestEntries>
  <Results>
    <UnitTestResult executionId="9d9c5543-0fa9-47e7-84e7-b1397e2ce374" testId="923afdf6-45c1-787a-2c85-c8452ff27d98" testName="EventsPostTest" computerName="KENDRICKCORPPC" duration="00:01:07.3855346" startTime="2013-05-05T23:50:52.1459861-05:00" endTime="2013-05-05T23:51:59.5315207-05:00" testType="13cdc9d9-ddb5-4fa4-a97d-d965ccfc6d4b" outcome="Aborted" testListId="8c84fa94-04c1-424b-9868-57a2d4851a1d" relativeResultsDirectory="9d9c5543-0fa9-47e7-84e7-b1397e2ce374">
    </UnitTestResult>
  </Results>
</TestRun>